android/app/build/intermediates/manifest_merge_blame_file/release/manifest-merger-blame-release-report.txt
1<?xml version="1.0" encoding="utf-8"?>
2<manifest xmlns:android="http://schemas.android.com/apk/res/android"
3    package="com.chat"
4    android:versionCode="1"
5    android:versionName="1.0" >
6
7    <uses-sdk
8        android:minSdkVersion="21"
8-->src/main/AndroidManifest.xml
9        android:targetSdkVersion="29" />
9-->src/main/AndroidManifest.xml
10
11    <uses-permission android:name="android.permission.INTERNET" />
11-->src/main/AndroidManifest.xml:2:2-64
11-->src/main/AndroidManifest.xml:2:19-61
12    <uses-permission android:name="android.permission.CAMERA" />
12-->src/main/AndroidManifest.xml:3:2-62
12-->src/main/AndroidManifest.xml:3:19-59
13    <uses-permission android:name="com.chat.permission.C2D_MESSAGE" />
13-->src/main/AndroidManifest.xml:4:19-73
14    <uses-permission android:name="android.permission.SYSTEM_ALERT_WINDOW" />
14-->src/main/AndroidManifest.xml:5:2-75
14-->src/main/AndroidManifest.xml:5:19-72
15    <uses-permission android:name="android.permission.RECEIVE_BOOT_COMPLETED" />
15-->src/main/AndroidManifest.xml:6:2-78
15-->src/main/AndroidManifest.xml:6:19-75
16    <uses-permission android:name="android.permission.VIBRATE" />
16-->src/main/AndroidManifest.xml:7:2-63
16-->src/main/AndroidManifest.xml:7:19-60
17
18    <uses-feature
18-->src/main/AndroidManifest.xml:8:2-82
19        android:name="android.hardware.camera"
19-->src/main/AndroidManifest.xml:8:16-54
20        android:required="false" />
20-->src/main/AndroidManifest.xml:8:55-79
21    <uses-feature
21-->src/main/AndroidManifest.xml:9:2-88
22        android:name="android.hardware.camera.front"
22-->src/main/AndroidManifest.xml:9:16-60
23        android:required="false" />
23-->src/main/AndroidManifest.xml:9:61-85
24
25    <uses-permission android:name="android.permission.WAKE_LOCK" />
25-->[:@react-native-firebase_messaging] AndroidManifest.xml:10:5-68
25-->[:@react-native-firebase_messaging] AndroidManifest.xml:10:22-65
26    <uses-permission android:name="android.permission.ACCESS_NETWORK_STATE" /> <!-- TODO(salakar) Not sure if this should be part of the package manifest or leave to users app manifest code? -->
26-->[:@react-native-firebase_messaging] AndroidManifest.xml:11:5-79
26-->[:@react-native-firebase_messaging] AndroidManifest.xml:11:22-76
27    <uses-permission android:name="android.permission.READ_EXTERNAL_STORAGE" />
27-->[:react-native-firebase_storage] AndroidManifest.xml:13:5-80
27-->[:react-native-firebase_storage] AndroidManifest.xml:13:22-77
28    <uses-permission android:name="android.permission.WRITE_EXTERNAL_STORAGE" />
28-->[:react-native-firebase_storage] AndroidManifest.xml:14:5-81
28-->[:react-native-firebase_storage] AndroidManifest.xml:14:22-78
29
30    <queries>
30-->[:react-native-image-crop-picker] AndroidManifest.xml:9:5-13:15
31        <intent>
31-->[:react-native-image-crop-picker] AndroidManifest.xml:10:9-12:18
32            <action android:name="android.media.action.IMAGE_CAPTURE" />
32-->[:react-native-image-crop-picker] AndroidManifest.xml:11:13-73
32-->[:react-native-image-crop-picker] AndroidManifest.xml:11:21-70
33        </intent>
34    </queries> <!-- Required by older versions of Google Play services to create IID tokens -->
35    <uses-permission android:name="com.google.android.c2dm.permission.RECEIVE" />
35-->[com.google.firebase:firebase-messaging:22.0.0] AndroidManifest.xml:25:5-82
35-->[com.google.firebase:firebase-messaging:22.0.0] AndroidManifest.xml:25:22-79
36    <uses-permission android:name="com.google.android.finsky.permission.BIND_GET_INSTALL_REFERRER_SERVICE" />
36-->[com.google.android.gms:play-services-measurement:19.0.0] AndroidManifest.xml:26:5-110
36-->[com.google.android.gms:play-services-measurement:19.0.0] AndroidManifest.xml:26:22-107
37
38    <application
38-->src/main/AndroidManifest.xml:10:2-23:16
39        android:name="com.chat.MainApplication"
39-->src/main/AndroidManifest.xml:10:15-46
40        android:allowBackup="false"
40-->src/main/AndroidManifest.xml:10:161-188
41        android:appComponentFactory="androidx.core.app.CoreComponentFactory"
41-->[androidx.core:core:1.3.2] AndroidManifest.xml:24:18-86
42        android:icon="@mipmap/ic_launcher"
42-->src/main/AndroidManifest.xml:10:80-114
43        android:label="@string/app_name"
43-->src/main/AndroidManifest.xml:10:47-79
44        android:roundIcon="@mipmap/ic_launcher_round"
44-->src/main/AndroidManifest.xml:10:115-160
45        android:theme="@style/AppTheme" >
45-->src/main/AndroidManifest.xml:10:189-220
46        <activity
46-->src/main/AndroidManifest.xml:11:3-16:14
47            android:name="com.chat.MainActivity"
47-->src/main/AndroidManifest.xml:11:13-41
48            android:configChanges="keyboard|keyboardHidden|orientation|screenSize|uiMode"
48-->src/main/AndroidManifest.xml:11:112-189
49            android:label="@string/app_name"
49-->src/main/AndroidManifest.xml:11:42-74
50            android:launchMode="singleTask"
50-->src/main/AndroidManifest.xml:11:190-221
51            android:screenOrientation="portrait"
51-->src/main/AndroidManifest.xml:11:75-111
52            android:windowSoftInputMode="adjustResize" >
52-->src/main/AndroidManifest.xml:11:222-264
53            <intent-filter>
53-->src/main/AndroidManifest.xml:12:4-15:20
54                <action android:name="android.intent.action.MAIN" />
54-->src/main/AndroidManifest.xml:13:5-57
54-->src/main/AndroidManifest.xml:13:13-54
55
56                <category android:name="android.intent.category.LAUNCHER" />
56-->src/main/AndroidManifest.xml:14:5-65
56-->src/main/AndroidManifest.xml:14:15-62
57            </intent-filter>
58        </activity>
59        <activity
59-->src/main/AndroidManifest.xml:17:1-21:14
60            android:name="com.chat.SplashActivity"
60-->src/main/AndroidManifest.xml:18:4-34
61            android:label="@string/app_name"
61-->src/main/AndroidManifest.xml:20:4-36
62            android:theme="@style/SplashTheme" >
62-->src/main/AndroidManifest.xml:19:4-38
63        </activity>
64        <activity
64-->src/main/AndroidManifest.xml:22:3-80
65            android:name="com.facebook.react.devsupport.DevSettingsActivity"
65-->src/main/AndroidManifest.xml:22:13-77
66            android:exported="false" />
66-->[:react-native-navigation] AndroidManifest.xml:12:13-37
67
68        <service android:name="io.invertase.firebase.messaging.ReactNativeFirebaseMessagingHeadlessService" />
68-->[:@react-native-firebase_messaging] AndroidManifest.xml:14:9-111
68-->[:@react-native-firebase_messaging] AndroidManifest.xml:14:18-108
69        <service
69-->[:@react-native-firebase_messaging] AndroidManifest.xml:15:9-21:19
70            android:name="io.invertase.firebase.messaging.ReactNativeFirebaseMessagingService"
70-->[:@react-native-firebase_messaging] AndroidManifest.xml:16:13-95
71            android:exported="false" >
71-->[:@react-native-firebase_messaging] AndroidManifest.xml:17:13-37
72            <intent-filter>
72-->[:@react-native-firebase_messaging] AndroidManifest.xml:18:13-20:29
73                <action android:name="com.google.firebase.MESSAGING_EVENT" />
73-->[:@react-native-firebase_messaging] AndroidManifest.xml:19:17-78
73-->[:@react-native-firebase_messaging] AndroidManifest.xml:19:25-75
74            </intent-filter>
75        </service>
76
77        <receiver
77-->[:@react-native-firebase_messaging] AndroidManifest.xml:23:9-30:20
78            android:name="io.invertase.firebase.messaging.ReactNativeFirebaseMessagingReceiver"
78-->[:@react-native-firebase_messaging] AndroidManifest.xml:24:13-96
79            android:exported="true"
79-->[:@react-native-firebase_messaging] AndroidManifest.xml:25:13-36
80            android:permission="com.google.android.c2dm.permission.SEND" >
80-->[:@react-native-firebase_messaging] AndroidManifest.xml:26:13-73
81            <intent-filter>
81-->[:@react-native-firebase_messaging] AndroidManifest.xml:27:13-29:29
82                <action android:name="com.google.android.c2dm.intent.RECEIVE" />
82-->[:@react-native-firebase_messaging] AndroidManifest.xml:28:17-81
82-->[:@react-native-firebase_messaging] AndroidManifest.xml:28:25-78
83            </intent-filter>
84        </receiver>
85
86        <meta-data
86-->[:@react-native-firebase_messaging] AndroidManifest.xml:32:9-34:36
87            android:name="firebase_messaging_auto_init_enabled"
87-->[:@react-native-firebase_messaging] AndroidManifest.xml:33:13-64
88            android:value="true" />
88-->[:@react-native-firebase_messaging] AndroidManifest.xml:34:13-33
89        <meta-data
89-->[:@react-native-firebase_messaging] AndroidManifest.xml:35:9-37:32
90            android:name="com.google.firebase.messaging.default_notification_channel_id"
90-->[:@react-native-firebase_messaging] AndroidManifest.xml:36:13-89
91            android:value="" />
91-->[:@react-native-firebase_messaging] AndroidManifest.xml:37:13-29
92        <meta-data
92-->[:@react-native-firebase_messaging] AndroidManifest.xml:38:9-40:47
93            android:name="com.google.firebase.messaging.default_notification_color"
93-->[:@react-native-firebase_messaging] AndroidManifest.xml:39:13-84
94            android:resource="@color/white" />
94-->[:@react-native-firebase_messaging] AndroidManifest.xml:40:13-44
95        <meta-data
95-->[:react-native-firebase_analytics] AndroidManifest.xml:14:9-16:36
96            android:name="firebase_analytics_collection_enabled"
96-->[:react-native-firebase_analytics] AndroidManifest.xml:15:13-65
97            android:value="true" />
97-->[:react-native-firebase_analytics] AndroidManifest.xml:16:13-33
98
99        <provider
99-->[:react-native-image-crop-picker] AndroidManifest.xml:18:9-26:20
100            android:name="androidx.core.content.FileProvider"
100-->[:react-native-image-crop-picker] AndroidManifest.xml:19:13-62
101            android:authorities="com.chat.provider"
101-->[:react-native-image-crop-picker] AndroidManifest.xml:20:13-60
102            android:exported="false"
102-->[:react-native-image-crop-picker] AndroidManifest.xml:21:13-37
103            android:grantUriPermissions="true" >
103-->[:react-native-image-crop-picker] AndroidManifest.xml:22:13-47
104            <meta-data
104-->[:react-native-image-crop-picker] AndroidManifest.xml:23:13-25:58
105                android:name="android.support.FILE_PROVIDER_PATHS"
105-->[:react-native-image-crop-picker] AndroidManifest.xml:24:17-67
106                android:resource="@xml/provider_paths" />
106-->[:react-native-image-crop-picker] AndroidManifest.xml:25:17-55
107        </provider>
108
109        <activity
109-->[:react-native-image-crop-picker] AndroidManifest.xml:28:9-30:72
110            android:name="com.yalantis.ucrop.UCropActivity"
110-->[:react-native-image-crop-picker] AndroidManifest.xml:29:13-60
111            android:theme="@style/Theme.AppCompat.Light.NoActionBar" />
111-->[:react-native-image-crop-picker] AndroidManifest.xml:30:13-69
112
113        <service
113-->[com.google.firebase:firebase-crashlytics:18.1.0] AndroidManifest.xml:15:9-21:19
114            android:name="com.google.firebase.components.ComponentDiscoveryService"
114-->[com.google.firebase:firebase-crashlytics:18.1.0] AndroidManifest.xml:16:13-84
115            android:directBootAware="true"
115-->[com.google.firebase:firebase-common:20.0.0] AndroidManifest.xml:35:13-43
116            android:exported="false" >
116-->[com.google.firebase:firebase-crashlytics:18.1.0] AndroidManifest.xml:17:13-37
117            <meta-data
117-->[com.google.firebase:firebase-crashlytics:18.1.0] AndroidManifest.xml:18:13-20:85
118                android:name="com.google.firebase.components:com.google.firebase.crashlytics.CrashlyticsRegistrar"
118-->[com.google.firebase:firebase-crashlytics:18.1.0] AndroidManifest.xml:19:17-115
119                android:value="com.google.firebase.components.ComponentRegistrar" />
119-->[com.google.firebase:firebase-crashlytics:18.1.0] AndroidManifest.xml:20:17-82
120            <meta-data
120-->[com.google.firebase:firebase-messaging:22.0.0] AndroidManifest.xml:52:13-54:85
121                android:name="com.google.firebase.components:com.google.firebase.messaging.FirebaseMessagingRegistrar"
121-->[com.google.firebase:firebase-messaging:22.0.0] AndroidManifest.xml:53:17-119
122                android:value="com.google.firebase.components.ComponentRegistrar" />
122-->[com.google.firebase:firebase-messaging:22.0.0] AndroidManifest.xml:54:17-82
123            <meta-data
123-->[com.google.firebase:firebase-auth:21.0.1] AndroidManifest.xml:77:13-79:85
124                android:name="com.google.firebase.components:com.google.firebase.auth.FirebaseAuthRegistrar"
124-->[com.google.firebase:firebase-auth:21.0.1] AndroidManifest.xml:78:17-109
125                android:value="com.google.firebase.components.ComponentRegistrar" />
125-->[com.google.firebase:firebase-auth:21.0.1] AndroidManifest.xml:79:17-82
126            <meta-data
126-->[com.google.firebase:firebase-firestore:23.0.2] AndroidManifest.xml:20:13-22:85
127                android:name="com.google.firebase.components:com.google.firebase.firestore.FirestoreRegistrar"
127-->[com.google.firebase:firebase-firestore:23.0.2] AndroidManifest.xml:21:17-111
128                android:value="com.google.firebase.components.ComponentRegistrar" />
128-->[com.google.firebase:firebase-firestore:23.0.2] AndroidManifest.xml:22:17-82
129            <meta-data
129-->[com.google.firebase:firebase-datatransport:18.0.0] AndroidManifest.xml:28:13-30:85
130                android:name="com.google.firebase.components:com.google.firebase.datatransport.TransportRegistrar"
130-->[com.google.firebase:firebase-datatransport:18.0.0] AndroidManifest.xml:29:17-115
131                android:value="com.google.firebase.components.ComponentRegistrar" />
131-->[com.google.firebase:firebase-datatransport:18.0.0] AndroidManifest.xml:30:17-82
132            <meta-data
132-->[com.google.firebase:firebase-storage:20.0.0] AndroidManifest.xml:33:13-35:85
133                android:name="com.google.firebase.components:com.google.firebase.storage.StorageRegistrar"
133-->[com.google.firebase:firebase-storage:20.0.0] AndroidManifest.xml:34:17-107
134                android:value="com.google.firebase.components.ComponentRegistrar" />
134-->[com.google.firebase:firebase-storage:20.0.0] AndroidManifest.xml:35:17-82
135            <meta-data
135-->[com.google.android.gms:play-services-measurement-api:19.0.0] AndroidManifest.xml:30:13-32:85
136                android:name="com.google.firebase.components:com.google.firebase.analytics.connector.internal.AnalyticsConnectorRegistrar"
136-->[com.google.android.gms:play-services-measurement-api:19.0.0] AndroidManifest.xml:31:17-139
137                android:value="com.google.firebase.components.ComponentRegistrar" />
137-->[com.google.android.gms:play-services-measurement-api:19.0.0] AndroidManifest.xml:32:17-82
138            <meta-data
138-->[com.google.firebase:firebase-installations:17.0.0] AndroidManifest.xml:18:13-20:85
139                android:name="com.google.firebase.components:com.google.firebase.installations.FirebaseInstallationsRegistrar"
139-->[com.google.firebase:firebase-installations:17.0.0] AndroidManifest.xml:19:17-127
140                android:value="com.google.firebase.components.ComponentRegistrar" />
140-->[com.google.firebase:firebase-installations:17.0.0] AndroidManifest.xml:20:17-82
141            <meta-data
141-->[com.google.firebase:firebase-database:20.0.0] AndroidManifest.xml:32:13-34:85
142                android:name="com.google.firebase.components:com.google.firebase.database.DatabaseRegistrar"
142-->[com.google.firebase:firebase-database:20.0.0] AndroidManifest.xml:33:17-109
143                android:value="com.google.firebase.components.ComponentRegistrar" />
143-->[com.google.firebase:firebase-database:20.0.0] AndroidManifest.xml:34:17-82
144        </service>
145
146        <receiver
146-->[com.google.firebase:firebase-messaging:22.0.0] AndroidManifest.xml:28:9-35:20
147            android:name="com.google.firebase.iid.FirebaseInstanceIdReceiver"
147-->[com.google.firebase:firebase-messaging:22.0.0] AndroidManifest.xml:29:13-78
148            android:exported="true"
148-->[com.google.firebase:firebase-messaging:22.0.0] AndroidManifest.xml:30:13-36
149            android:permission="com.google.android.c2dm.permission.SEND" >
149-->[com.google.firebase:firebase-messaging:22.0.0] AndroidManifest.xml:31:13-73
150            <intent-filter>
150-->[:@react-native-firebase_messaging] AndroidManifest.xml:27:13-29:29
151                <action android:name="com.google.android.c2dm.intent.RECEIVE" />
151-->[:@react-native-firebase_messaging] AndroidManifest.xml:28:17-81
151-->[:@react-native-firebase_messaging] AndroidManifest.xml:28:25-78
152            </intent-filter>
153        </receiver>
154        <!--
155             FirebaseMessagingService performs security checks at runtime,
156             but set to not exported to explicitly avoid allowing another app to call it.
157        -->
158        <service
158-->[com.google.firebase:firebase-messaging:22.0.0] AndroidManifest.xml:41:9-48:19
159            android:name="com.google.firebase.messaging.FirebaseMessagingService"
159-->[com.google.firebase:firebase-messaging:22.0.0] AndroidManifest.xml:42:13-82
160            android:directBootAware="true"
160-->[com.google.firebase:firebase-messaging:22.0.0] AndroidManifest.xml:43:13-43
161            android:exported="false" >
161-->[com.google.firebase:firebase-messaging:22.0.0] AndroidManifest.xml:44:13-37
162            <intent-filter android:priority="-500" >
162-->[:@react-native-firebase_messaging] AndroidManifest.xml:18:13-20:29
163                <action android:name="com.google.firebase.MESSAGING_EVENT" />
163-->[:@react-native-firebase_messaging] AndroidManifest.xml:19:17-78
163-->[:@react-native-firebase_messaging] AndroidManifest.xml:19:25-75
164            </intent-filter>
165        </service>
166
167        <activity
167-->[com.google.firebase:firebase-auth:21.0.1] AndroidManifest.xml:27:9-44:20
168            android:name="com.google.firebase.auth.internal.GenericIdpActivity"
168-->[com.google.firebase:firebase-auth:21.0.1] AndroidManifest.xml:28:13-80
169            android:excludeFromRecents="true"
169-->[com.google.firebase:firebase-auth:21.0.1] AndroidManifest.xml:29:13-46
170            android:exported="true"
170-->[com.google.firebase:firebase-auth:21.0.1] AndroidManifest.xml:30:13-36
171            android:launchMode="singleTask"
171-->[com.google.firebase:firebase-auth:21.0.1] AndroidManifest.xml:31:13-44
172            android:theme="@android:style/Theme.Translucent.NoTitleBar" >
172-->[com.google.firebase:firebase-auth:21.0.1] AndroidManifest.xml:32:13-72
173            <intent-filter>
173-->[com.google.firebase:firebase-auth:21.0.1] AndroidManifest.xml:33:13-43:29
174                <action android:name="android.intent.action.VIEW" />
174-->[com.google.firebase:firebase-auth:21.0.1] AndroidManifest.xml:34:17-69
174-->[com.google.firebase:firebase-auth:21.0.1] AndroidManifest.xml:34:25-66
175
176                <category android:name="android.intent.category.DEFAULT" />
176-->[com.google.firebase:firebase-auth:21.0.1] AndroidManifest.xml:36:17-76
176-->[com.google.firebase:firebase-auth:21.0.1] AndroidManifest.xml:36:27-73
177                <category android:name="android.intent.category.BROWSABLE" />
177-->[com.google.firebase:firebase-auth:21.0.1] AndroidManifest.xml:37:17-78
177-->[com.google.firebase:firebase-auth:21.0.1] AndroidManifest.xml:37:27-75
178
179                <data
179-->[com.google.firebase:firebase-auth:21.0.1] AndroidManifest.xml:39:17-42:51
180                    android:host="firebase.auth"
180-->[com.google.firebase:firebase-auth:21.0.1] AndroidManifest.xml:40:21-49
181                    android:path="/"
181-->[com.google.firebase:firebase-auth:21.0.1] AndroidManifest.xml:41:21-37
182                    android:scheme="genericidp" />
182-->[com.google.firebase:firebase-auth:21.0.1] AndroidManifest.xml:42:21-48
183            </intent-filter>
184        </activity>
185        <activity
185-->[com.google.firebase:firebase-auth:21.0.1] AndroidManifest.xml:45:9-62:20
186            android:name="com.google.firebase.auth.internal.RecaptchaActivity"
186-->[com.google.firebase:firebase-auth:21.0.1] AndroidManifest.xml:46:13-79
187            android:excludeFromRecents="true"
187-->[com.google.firebase:firebase-auth:21.0.1] AndroidManifest.xml:47:13-46
188            android:exported="true"
188-->[com.google.firebase:firebase-auth:21.0.1] AndroidManifest.xml:48:13-36
189            android:launchMode="singleTask"
189-->[com.google.firebase:firebase-auth:21.0.1] AndroidManifest.xml:49:13-44
190            android:theme="@android:style/Theme.Translucent.NoTitleBar" >
190-->[com.google.firebase:firebase-auth:21.0.1] AndroidManifest.xml:50:13-72
191            <intent-filter>
191-->[com.google.firebase:firebase-auth:21.0.1] AndroidManifest.xml:51:13-61:29
192                <action android:name="android.intent.action.VIEW" />
192-->[com.google.firebase:firebase-auth:21.0.1] AndroidManifest.xml:34:17-69
192-->[com.google.firebase:firebase-auth:21.0.1] AndroidManifest.xml:34:25-66
193
194                <category android:name="android.intent.category.DEFAULT" />
194-->[com.google.firebase:firebase-auth:21.0.1] AndroidManifest.xml:36:17-76
194-->[com.google.firebase:firebase-auth:21.0.1] AndroidManifest.xml:36:27-73
195                <category android:name="android.intent.category.BROWSABLE" />
195-->[com.google.firebase:firebase-auth:21.0.1] AndroidManifest.xml:37:17-78
195-->[com.google.firebase:firebase-auth:21.0.1] AndroidManifest.xml:37:27-75
196
197                <data
197-->[com.google.firebase:firebase-auth:21.0.1] AndroidManifest.xml:39:17-42:51
198                    android:host="firebase.auth"
198-->[com.google.firebase:firebase-auth:21.0.1] AndroidManifest.xml:40:21-49
199                    android:path="/"
199-->[com.google.firebase:firebase-auth:21.0.1] AndroidManifest.xml:41:21-37
200                    android:scheme="recaptcha" />
200-->[com.google.firebase:firebase-auth:21.0.1] AndroidManifest.xml:42:21-48
201            </intent-filter>
202        </activity>
203
204        <service
204-->[com.google.firebase:firebase-auth:21.0.1] AndroidManifest.xml:64:9-73:19
205            android:name="com.google.firebase.auth.api.fallback.service.FirebaseAuthFallbackService"
205-->[com.google.firebase:firebase-auth:21.0.1] AndroidManifest.xml:65:13-101
206            android:enabled="true"
206-->[com.google.firebase:firebase-auth:21.0.1] AndroidManifest.xml:66:13-35
207            android:exported="false" >
207-->[com.google.firebase:firebase-auth:21.0.1] AndroidManifest.xml:67:13-37
208            <intent-filter>
208-->[com.google.firebase:firebase-auth:21.0.1] AndroidManifest.xml:68:13-72:29
209                <action android:name="com.google.firebase.auth.api.gms.service.START" />
209-->[com.google.firebase:firebase-auth:21.0.1] AndroidManifest.xml:69:17-89
209-->[com.google.firebase:firebase-auth:21.0.1] AndroidManifest.xml:69:25-86
210
211                <category android:name="android.intent.category.DEFAULT" />
211-->[com.google.firebase:firebase-auth:21.0.1] AndroidManifest.xml:36:17-76
211-->[com.google.firebase:firebase-auth:21.0.1] AndroidManifest.xml:36:27-73
212            </intent-filter>
213        </service>
214        <service
214-->[com.google.android.datatransport:transport-backend-cct:3.0.0] AndroidManifest.xml:29:9-35:19
215            android:name="com.google.android.datatransport.runtime.backends.TransportBackendDiscovery"
215-->[com.google.android.datatransport:transport-backend-cct:3.0.0] AndroidManifest.xml:30:13-103
216            android:exported="false" >
216-->[com.google.android.datatransport:transport-backend-cct:3.0.0] AndroidManifest.xml:31:13-37
217            <meta-data
217-->[com.google.android.datatransport:transport-backend-cct:3.0.0] AndroidManifest.xml:32:13-34:39
218                android:name="backend:com.google.android.datatransport.cct.CctBackendFactory"
218-->[com.google.android.datatransport:transport-backend-cct:3.0.0] AndroidManifest.xml:33:17-94
219                android:value="cct" />
219-->[com.google.android.datatransport:transport-backend-cct:3.0.0] AndroidManifest.xml:34:17-36
220        </service>
221
222        <provider
222-->[com.google.firebase:firebase-common:20.0.0] AndroidManifest.xml:26:9-31:39
223            android:name="com.google.firebase.provider.FirebaseInitProvider"
223-->[com.google.firebase:firebase-common:20.0.0] AndroidManifest.xml:27:13-77
224            android:authorities="com.chat.firebaseinitprovider"
224-->[com.google.firebase:firebase-common:20.0.0] AndroidManifest.xml:28:13-72
225            android:directBootAware="true"
225-->[com.google.firebase:firebase-common:20.0.0] AndroidManifest.xml:29:13-43
226            android:exported="false"
226-->[com.google.firebase:firebase-common:20.0.0] AndroidManifest.xml:30:13-37
227            android:initOrder="100" />
227-->[com.google.firebase:firebase-common:20.0.0] AndroidManifest.xml:31:13-36
228
229        <service
229-->[com.google.android.datatransport:transport-runtime:3.0.1] AndroidManifest.xml:26:9-30:19
230            android:name="com.google.android.datatransport.runtime.scheduling.jobscheduling.JobInfoSchedulerService"
230-->[com.google.android.datatransport:transport-runtime:3.0.1] AndroidManifest.xml:27:13-117
231            android:exported="false"
231-->[com.google.android.datatransport:transport-runtime:3.0.1] AndroidManifest.xml:28:13-37
232            android:permission="android.permission.BIND_JOB_SERVICE" >
232-->[com.google.android.datatransport:transport-runtime:3.0.1] AndroidManifest.xml:29:13-69
233        </service>
234
235        <receiver
235-->[com.google.android.datatransport:transport-runtime:3.0.1] AndroidManifest.xml:32:9-34:40
236            android:name="com.google.android.datatransport.runtime.scheduling.jobscheduling.AlarmManagerSchedulerBroadcastReceiver"
236-->[com.google.android.datatransport:transport-runtime:3.0.1] AndroidManifest.xml:33:13-132
237            android:exported="false" />
237-->[com.google.android.datatransport:transport-runtime:3.0.1] AndroidManifest.xml:34:13-37
238
239        <activity
239-->[com.google.android.gms:play-services-auth:19.0.0] AndroidManifest.xml:23:9-27:75
240            android:name="com.google.android.gms.auth.api.signin.internal.SignInHubActivity"
240-->[com.google.android.gms:play-services-auth:19.0.0] AndroidManifest.xml:24:13-93
241            android:excludeFromRecents="true"
241-->[com.google.android.gms:play-services-auth:19.0.0] AndroidManifest.xml:25:13-46
242            android:exported="false"
242-->[com.google.android.gms:play-services-auth:19.0.0] AndroidManifest.xml:26:13-37
243            android:theme="@android:style/Theme.Translucent.NoTitleBar" />
243-->[com.google.android.gms:play-services-auth:19.0.0] AndroidManifest.xml:27:13-72
244        <!--
245            Service handling Google Sign-In user revocation. For apps that do not integrate with
246            Google Sign-In, this service will never be started.
247        -->
248        <service
248-->[com.google.android.gms:play-services-auth:19.0.0] AndroidManifest.xml:33:9-37:51
249            android:name="com.google.android.gms.auth.api.signin.RevocationBoundService"
249-->[com.google.android.gms:play-services-auth:19.0.0] AndroidManifest.xml:34:13-89
250            android:exported="true"
250-->[com.google.android.gms:play-services-auth:19.0.0] AndroidManifest.xml:35:13-36
251            android:permission="com.google.android.gms.auth.api.signin.permission.REVOCATION_NOTIFICATION"
251-->[com.google.android.gms:play-services-auth:19.0.0] AndroidManifest.xml:36:13-107
252            android:visibleToInstantApps="true" />
252-->[com.google.android.gms:play-services-auth:19.0.0] AndroidManifest.xml:37:13-48
253
254        <receiver
254-->[com.google.android.gms:play-services-measurement:19.0.0] AndroidManifest.xml:29:9-33:20
255            android:name="com.google.android.gms.measurement.AppMeasurementReceiver"
255-->[com.google.android.gms:play-services-measurement:19.0.0] AndroidManifest.xml:30:13-85
256            android:enabled="true"
256-->[com.google.android.gms:play-services-measurement:19.0.0] AndroidManifest.xml:31:13-35
257            android:exported="false" >
257-->[com.google.android.gms:play-services-measurement:19.0.0] AndroidManifest.xml:32:13-37
258        </receiver>
259
260        <service
260-->[com.google.android.gms:play-services-measurement:19.0.0] AndroidManifest.xml:35:9-38:40
261            android:name="com.google.android.gms.measurement.AppMeasurementService"
261-->[com.google.android.gms:play-services-measurement:19.0.0] AndroidManifest.xml:36:13-84
262            android:enabled="true"
262-->[com.google.android.gms:play-services-measurement:19.0.0] AndroidManifest.xml:37:13-35
263            android:exported="false" />
263-->[com.google.android.gms:play-services-measurement:19.0.0] AndroidManifest.xml:38:13-37
264        <service
264-->[com.google.android.gms:play-services-measurement:19.0.0] AndroidManifest.xml:39:9-43:72
265            android:name="com.google.android.gms.measurement.AppMeasurementJobService"
265-->[com.google.android.gms:play-services-measurement:19.0.0] AndroidManifest.xml:40:13-87
266            android:enabled="true"
266-->[com.google.android.gms:play-services-measurement:19.0.0] AndroidManifest.xml:41:13-35
267            android:exported="false"
267-->[com.google.android.gms:play-services-measurement:19.0.0] AndroidManifest.xml:42:13-37
268            android:permission="android.permission.BIND_JOB_SERVICE" />
268-->[com.google.android.gms:play-services-measurement:19.0.0] AndroidManifest.xml:43:13-69
269
270        <activity